<?xml version="1.0" encoding="UTF-8" ?>
<testsuite errors="0" failures="0" hostname="chanisara" name="RationalTest" skipped="0" tests="9" time="0.023" timestamp="2023-09-12T11:00:34">
  <properties>
    <property name="java.vendor" value="IBM Corporation" />
    <property name="sun.java.launcher" value="SUN_STANDARD" />
    <property name="os.name" value="Windows 11" />
    <property name="sun.boot.class.path" value="C:\Users\fifac\.jdks\semeru-1.8.0_382\jre\bin\default\jclSC180\vm.jar;C:\Users\fifac\.jdks\semeru-1.8.0_382\jre\lib\se-service.jar;C:\Users\fifac\.jdks\semeru-1.8.0_382\jre\lib\rt.jar;C:\Users\fifac\.jdks\semeru-1.8.0_382\jre\lib\resources.jar;C:\Users\fifac\.jdks\semeru-1.8.0_382\jre\lib\jsse.jar;C:\Users\fifac\.jdks\semeru-1.8.0_382\jre\lib\charsets.jar;C:\Users\fifac\.jdks\semeru-1.8.0_382\jre\lib\jce.jar" />
    <property name="sun.desktop" value="windows" />
    <property name="java.vm.specification.vendor" value="Oracle Corporation" />
    <property name="ant.home" value="C:\Program Files\JetBrains\IntelliJ IDEA 2023.2.1\lib\ant" />
    <property name="java.runtime.version" value="1.8.0_382-b05" />
    <property name="user.name" value="fifac" />
    <property name="java.compiler" value="j9jit29" />
    <property name="os.encoding" value="UTF-8" />
    <property name="com.ibm.util.extralibs.properties" value="" />
    <property name="com.ibm.jcl.checkClassPath" value="" />
    <property name="user.language" value="en" />
    <property name="com.ibm.oti.vm.bootstrap.library.path" value="C:\Users\fifac\.jdks\semeru-1.8.0_382\jre\bin\default;C:\Users\fifac\.jdks\semeru-1.8.0_382\jre\bin" />
    <property name="sun.boot.library.path" value="C:\Users\fifac\.jdks\semeru-1.8.0_382\jre\bin\default;C:\Users\fifac\.jdks\semeru-1.8.0_382\jre\bin" />
    <property name="jdk.extensions.version" value="8.0.382.0" />
    <property name="java.version" value="1.8.0_382" />
    <property name="user.timezone" value="" />
    <property name="com.ibm.system.agent.path" value="C:\Users\fifac\.jdks\semeru-1.8.0_382\jre\bin" />
    <property name="sun.arch.data.model" value="64" />
    <property name="com.ibm.zero.version" value="2" />
    <property name="java.endorsed.dirs" value="C:\Users\fifac\.jdks\semeru-1.8.0_382\jre\lib\endorsed" />
    <property name="com.ibm.oti.vm.library.version" value="29" />
    <property name="sun.jnu.encoding" value="Cp1252" />
    <property name="file.encoding.pkg" value="sun.io" />
    <property name="file.separator" value="\" />
    <property name="java.specification.name" value="Java Platform API Specification" />
    <property name="java.class.version" value="52.0" />
    <property name="user.country" value="US" />
    <property name="java.home" value="C:\Users\fifac\.jdks\semeru-1.8.0_382\jre" />
    <property name="java.vm.info" value="JRE 1.8.0 Windows 11 amd64-64-Bit Compressed References 20230810_742 (JIT enabled, AOT enabled)&#xa;OpenJ9   - d12d10c9e&#xa;OMR      - e80bff83b&#xa;JCL      - c4d2c2bafb based on jdk8u382-b05" />
    <property name="ant.file" value="D:\Year_4\QA\Lab\lab_exercise_1\Rational\build.xml" />
    <property name="os.version" value="10.0" />
    <property name="java.awt.fonts" value="" />
    <property name="path.separator" value=";" />
    <property name="java.vm.version" value="openj9-0.40.0" />
    <property name="user.variant" value="" />
    <property name="ant.library.dir" value="C:\Program Files\JetBrains\IntelliJ IDEA 2023.2.1\lib\ant\lib" />
    <property name="java.awt.printerjob" value="sun.awt.windows.WPrinterJob" />
    <property name="jdk.extensions.name" value="Extensions for OpenJDK for Eclipse OpenJ9" />
    <property name="sun.io.unicode.encoding" value="UnicodeLittle" />
    <property name="java.specification.maintenance.version" value="5" />
    <property name="awt.toolkit" value="sun.awt.windows.WToolkit" />
    <property name="ibm.signalhandling.sigint" value="true" />
    <property name="user.home" value="C:\Users\fifac" />
    <property name="com.ibm.cpu.endian" value="little" />
    <property name="java.specification.vendor" value="Oracle Corporation" />
    <property name="ibm.signalhandling.sigchain" value="true" />
    <property name="java.library.path" value="C:\Users\fifac\.jdks\semeru-1.8.0_382\jre\bin\default;C:\Users\fifac\.jdks\semeru-1.8.0_382\jre\bin;C:\WINDOWS\system32;C:\WINDOWS;C:\Program Files\NVIDIA GPU Computing Toolkit\CUDA\v12.2\bin;C:\Program Files\NVIDIA GPU Computing Toolkit\CUDA\v12.2\libnvvp;C:\Program Files (x86)\Common Files\Oracle\Java\javapath;C:\WINDOWS\system32;C:\WINDOWS;C:\WINDOWS\System32\Wbem;C:\WINDOWS\System32\WindowsPowerShell\v1.0\;C:\WINDOWS\System32\OpenSSH\;C:\Gradle\gradle-8.3-all\bin;C:\Users\fifac\anaconda3\Scripts;C:\Program Files\Git\cmd;C:\Program Files\NVIDIA Corporation\NVIDIA NvDLISR;C:\Program Files\NVIDIA Corporation\Nsight Compute 2023.2.2\;C:\Program Files (x86)\NVIDIA Corporation\PhysX\Common;C:\Program Files\NVIDIA GPU Computing Toolkit\CUDA\v12.2\bin;C:\Users\fifac\anaconda3;C:\Users\fifac\anaconda3\Library\mingw-w64\bin;C:\Users\fifac\anaconda3\Library\usr\bin;C:\Users\fifac\anaconda3\Library\bin;C:\Users\fifac\anaconda3\Scripts;C:\Users\fifac\AppData\Local\Microsoft\WindowsApps;C:\Program Files\JetBrains\IntelliJ IDEA 2023.2.1\bin;;C:\Users\fifac\AppData\Local\Programs\Microsoft VS Code\bin;." />
    <property name="java.vendor.url" value="https://www.ibm.com/semeru-runtimes" />
    <property name="java.vm.vendor" value="Eclipse OpenJ9" />
    <property name="java.fullversion" value="1.8.0_382-b05&#xa;JRE 1.8.0 Windows 11 amd64-64-Bit Compressed References 20230810_742 (JIT enabled, AOT enabled)&#xa;OpenJ9   - d12d10c9e&#xa;OMR      - e80bff83b&#xa;JCL      - c4d2c2bafb based on jdk8u382-b05" />
    <property name="java.runtime.name" value="IBM Semeru Runtime Open Edition" />
    <property name="sun.java.command" value="com.intellij.rt.ant.execution.AntMain2 -logger com.intellij.rt.ant.execution.IdeaAntLogger2 -inputhandler com.intellij.rt.ant.execution.IdeaInputHandler -buildfile D:\Year_4\QA\Lab\lab_exercise_1\Rational\build.xml test" />
    <property name="java.class.path" value="C:\Program Files\JetBrains\IntelliJ IDEA 2023.2.1\lib\ant\lib\ant.jar;C:\Users\fifac\.jdks\semeru-1.8.0_382\lib\tools.jar;C:\Program Files\JetBrains\IntelliJ IDEA 2023.2.1\lib\idea_rt.jar" />
    <property name="ant.version" value="Apache Ant(TM) version 1.10.12 compiled on October 13 2021" />
    <property name="java.vm.specification.name" value="Java Virtual Machine Specification" />
    <property name="ant.file.type" value="file" />
    <property name="java.vm.specification.version" value="1.8" />
    <property name="sun.cpu.endian" value="little" />
    <property name="java.io.tmpdir" value="C:\Users\fifac\AppData\Local\Temp\" />
    <property name="ibm.system.encoding" value="Cp1252" />
    <property name="os.arch" value="amd64" />
    <property name="java.awt.graphicsenv" value="sun.awt.Win32GraphicsEnvironment" />
    <property name="ibm.signalhandling.rs" value="false" />
    <property name="java.ext.dirs" value="C:\Users\fifac\.jdks\semeru-1.8.0_382\jre\lib\ext" />
    <property name="user.dir" value="D:\Year_4\QA\Lab\lab_exercise_1\Rational" />
    <property name="line.separator" value="&#xd;&#xa;" />
    <property name="java.vm.name" value="Eclipse OpenJ9 VM" />
    <property name="com.ibm.oti.shared.enabled" value="false" />
    <property name="com.ibm.vm.bitmode" value="64" />
    <property name="basedir" value="D:\Year_4\QA\Lab\lab_exercise_1\Rational" />
    <property name="ant.java.version" value="1.8" />
    <property name="ant.core.lib" value="C:\Program Files\JetBrains\IntelliJ IDEA 2023.2.1\lib\ant\lib\ant.jar" />
    <property name="file.encoding" value="UTF-8" />
    <property name="com.ibm.oti.configuration" value="scar" />
    <property name="java.specification.version" value="1.8" />
    <property name="ant.project.invoked-targets" value="test" />
  </properties>
  <testcase classname="RationalTest" name="testCompareToEqual" time="0.004" />
  <testcase classname="RationalTest" name="testAdd" time="0.0" />
  <testcase classname="RationalTest" name="testToString" time="0.0" />
  <testcase classname="RationalTest" name="testValidSubtraction" time="0.0" />
  <testcase classname="RationalTest" name="testCompareToLessThan" time="0.0" />
  <testcase classname="RationalTest" name="testCompareToGreaterThan" time="0.0" />
  <testcase classname="RationalTest" name="testEquals" time="0.0" />
  <testcase classname="RationalTest" name="testValidDivision" time="0.0" />
  <testcase classname="RationalTest" name="testValidMultiplication" time="0.0" />
  <system-out><![CDATA[]]></system-out>
  <system-err><![CDATA[]]></system-err>
</testsuite>
